15:58:46 **** Incremental Build of configuration Debug for project AT32 ****
make all 
Building file: ../App/main.c
Invoking: AVR Compiler
avr-gcc -I"D:\Embedded-Tasks\AT32\BSW\MCAL" -I"D:\Embedded-Tasks\AT32\BSW\HAL" -I"D:\Embedded-Tasks\AT32\App" -I"D:\Embedded-Tasks\AT32\BSW\LIB" -Wall -g2 -gstabs -O0 -fpack-struct -fshort-enums -ffunction-sections -fdata-sections -std=gnu99 -funsigned-char -funsigned-bitfields -mmcu=atmega32 -DF_CPU=8000000UL -MMD -MP -MF"App/main.d" -MT"App/main.o" -c -o "App/main.o" "../App/main.c"
In file included from ../App/main.c:4:
d:/eclipse/eclipse/winavr/lib/gcc/../../avr/include/util/delay.h:90:3: warning: #warning "Compiler optimizations disabled; functions from <util/delay.h> won't work as designed"
Finished building: ../App/main.c
 
Building target: AT32.elf
Invoking: AVR C Linker
avr-gcc -Wl,-Map,AT32.map -mmcu=atmega32 -o "AT32.elf"  ./Services/Stack/Stack.o  ./BSW/MCAL/TWI/src/TWI_program.o  ./BSW/MCAL/TIMER2/src/TIMER2_program.o  ./BSW/MCAL/TIMER1/src/TIMER1_program.o  ./BSW/MCAL/TIMER0/src/TIMER0_program.o  ./BSW/MCAL/PORT/src/PORT_program.o  ./BSW/MCAL/GIE/src/GIE_program.o  ./BSW/MCAL/EXT/src/EXTI_program.o  ./BSW/MCAL/DIO/src/DIO_Program.o  ./BSW/MCAL/ADC/src/ADC_program.o  ./BSW/HAL/EEPROM/src/EEPROM_program.o  ./BSW/HAL/CLCD/src/CLCD_program.o  ./App/TrafficLights/src/TrafficLightsControl.o  ./App/Fixed_Point/src/Fixed_Point.o  ./App/main.o   
Finished building target: AT32.elf
 
Invoking: AVR Create Extended Listing
avr-objdump -h -S AT32.elf  >"AT32.lss"
Finished building: AT32.lss
 
Create Flash image (ihex format)
avr-objcopy -R .eeprom -R .fuse -R .lock -R .signature -O ihex AT32.elf  "AT32.hex"
Finished building: AT32.hex
 
Create eeprom image (ihex format)
avr-objcopy -j .eeprom --no-change-warnings --change-section-lma .eeprom=0 -O ihex AT32.elf  "AT32.eep"
Finished building: AT32.eep
 
Invoking: Print Size
avr-size --format=avr --mcu=atmega32 AT32.elf
AVR Memory Usage
----------------
Device: atmega32

Program:   15938 bytes (48.6% Full)
(.text + .data + .bootloader)

Data:        350 bytes (17.1% Full)
(.data + .bss + .noinit)


Finished building: sizedummy
 

15:58:47 Build Finished. 0 errors, 1 warnings. (took 1s.220ms)

